{"numTotalTestSuites":87,"numPassedTestSuites":67,"numFailedTestSuites":20,"numPendingTestSuites":0,"numTotalTests":162,"numPassedTests":149,"numFailedTests":13,"numPendingTests":0,"numTodoTests":0,"snapshot":{"added":0,"failure":false,"filesAdded":0,"filesRemoved":0,"filesRemovedList":[],"filesUnmatched":0,"filesUpdated":0,"matched":0,"total":0,"unchecked":0,"uncheckedKeysByFile":[],"unmatched":0,"updated":0,"didUpdate":false},"startTime":1766765004952,"success":false,"testResults":[{"assertionResults":[{"ancestorTitles":["GraphComponent"],"fullName":"GraphComponent renders a focusable graph container","status":"failed","title":"renders a focusable graph container","duration":76.13471000000027,"failureMessages":["Error: useConfirmDialog must be used within ConfirmDialogProvider\n    at useConfirmDialog (/Users/enjoyjavapan163.com/Code/ALT/Prototype/CDM-17/CDM-17-ALL/packages/ui/src/confirm-dialog.tsx:152:15)\n    at useClipboard (/Users/enjoyjavapan163.com/Code/ALT/Prototype/CDM-17/CDM-17-ALL/apps/web/hooks/useClipboard.ts:838:29)\n    at GraphComponent (/Users/enjoyjavapan163.com/Code/ALT/Prototype/CDM-17/CDM-17-ALL/apps/web/components/graph/GraphComponent.tsx:197:64)\n    at Object.react_stack_bottom_frame (/Users/enjoyjavapan163.com/Code/ALT/Prototype/CDM-17/CDM-17-ALL/node_modules/.pnpm/react-dom@19.2.3_react@19.2.3/node_modules/react-dom/cjs/react-dom-client.development.js:25904:20)\n    at renderWithHooks (/Users/enjoyjavapan163.com/Code/ALT/Prototype/CDM-17/CDM-17-ALL/node_modules/.pnpm/react-dom@19.2.3_react@19.2.3/node_modules/react-dom/cjs/react-dom-client.development.js:7662:22)\n    at updateFunctionComponent (/Users/enjoyjavapan163.com/Code/ALT/Prototype/CDM-17/CDM-17-ALL/node_modules/.pnpm/react-dom@19.2.3_react@19.2.3/node_modules/react-dom/cjs/react-dom-client.development.js:10166:19)\n    at beginWork (/Users/enjoyjavapan163.com/Code/ALT/Prototype/CDM-17/CDM-17-ALL/node_modules/.pnpm/react-dom@19.2.3_react@19.2.3/node_modules/react-dom/cjs/react-dom-client.development.js:11778:18)\n    at runWithFiberInDEV (/Users/enjoyjavapan163.com/Code/ALT/Prototype/CDM-17/CDM-17-ALL/node_modules/.pnpm/react-dom@19.2.3_react@19.2.3/node_modules/react-dom/cjs/react-dom-client.development.js:874:13)\n    at performUnitOfWork (/Users/enjoyjavapan163.com/Code/ALT/Prototype/CDM-17/CDM-17-ALL/node_modules/.pnpm/react-dom@19.2.3_react@19.2.3/node_modules/react-dom/cjs/react-dom-client.development.js:17641:22)\n    at workLoopSync (/Users/enjoyjavapan163.com/Code/ALT/Prototype/CDM-17/CDM-17-ALL/node_modules/.pnpm/react-dom@19.2.3_react@19.2.3/node_modules/react-dom/cjs/react-dom-client.development.js:17469:41)"],"meta":{}}],"startTime":1766765014544,"endTime":1766765014620.1348,"status":"failed","message":"","name":"/Users/enjoyjavapan163.com/Code/ALT/Prototype/CDM-17/CDM-17-ALL/apps/web/__tests__/GraphComponent.test.tsx"},{"assertionResults":[{"ancestorTitles":["GraphSyncManager","initialization"],"fullName":"GraphSyncManager initialization should initialize with graph and yDoc","status":"passed","title":"should initialize with graph and yDoc","duration":23.660735999999815,"failureMessages":[],"meta":{}},{"ancestorTitles":["GraphSyncManager","initialization"],"fullName":"GraphSyncManager initialization should create yjs shared types","status":"passed","title":"should create yjs shared types","duration":3.699899999999616,"failureMessages":[],"meta":{}},{"ancestorTitles":["GraphSyncManager","Local → Remote sync"],"fullName":"GraphSyncManager Local → Remote sync should sync node to yjs when added locally","status":"passed","title":"should sync node to yjs when added locally","duration":8.294791999999688,"failureMessages":[],"meta":{}},{"ancestorTitles":["GraphSyncManager","Local → Remote sync"],"fullName":"GraphSyncManager Local → Remote sync should remove node from yjs when removed locally","status":"passed","title":"should remove node from yjs when removed locally","duration":8.70140899999933,"failureMessages":[],"meta":{}},{"ancestorTitles":["GraphSyncManager","Remote → Local sync"],"fullName":"GraphSyncManager Remote → Local sync should ignore local UI yjs node changes with LOCAL_ORIGIN (no local echo apply)","status":"passed","title":"should ignore local UI yjs node changes with LOCAL_ORIGIN (no local echo apply)","duration":5.971418999999514,"failureMessages":[],"meta":{}},{"ancestorTitles":["GraphSyncManager","Remote → Local sync"],"fullName":"GraphSyncManager Remote → Local sync should add node to graph when added remotely (via applyUpdate)","status":"passed","title":"should add node to graph when added remotely (via applyUpdate)","duration":16.371406000000206,"failureMessages":[],"meta":{}},{"ancestorTitles":["GraphSyncManager","Remote → Local sync"],"fullName":"GraphSyncManager Remote → Local sync should update existing node position when changed remotely (via applyUpdate)","status":"passed","title":"should update existing node position when changed remotely (via applyUpdate)","duration":19.782508000000234,"failureMessages":[],"meta":{}},{"ancestorTitles":["GraphSyncManager","Layout mode sync"],"fullName":"GraphSyncManager Layout mode sync should sync layout mode to yjs","status":"passed","title":"should sync layout mode to yjs","duration":2.691661999999269,"failureMessages":[],"meta":{}},{"ancestorTitles":["GraphSyncManager","Layout mode sync"],"fullName":"GraphSyncManager Layout mode sync should call onLayoutModeChange callback when mode changes in yjs","status":"passed","title":"should call onLayoutModeChange callback when mode changes in yjs","duration":5.176574999999502,"failureMessages":[],"meta":{}},{"ancestorTitles":["GraphSyncManager","Layout mode sync"],"fullName":"GraphSyncManager Layout mode sync should get current layout mode","status":"passed","title":"should get current layout mode","duration":2.6952289999999266,"failureMessages":[],"meta":{}},{"ancestorTitles":["GraphSyncManager","Bulk sync"],"fullName":"GraphSyncManager Bulk sync should sync all nodes to yjs","status":"passed","title":"should sync all nodes to yjs","duration":4.005404999999882,"failureMessages":[],"meta":{}},{"ancestorTitles":["GraphSyncManager","Cleanup"],"fullName":"GraphSyncManager Cleanup should remove event listeners on destroy","status":"passed","title":"should remove event listeners on destroy","duration":1.6345380000002478,"failureMessages":[],"meta":{}}],"startTime":1766765012910,"endTime":1766765013014.6345,"status":"passed","message":"","name":"/Users/enjoyjavapan163.com/Code/ALT/Prototype/CDM-17/CDM-17-ALL/apps/web/__tests__/features/GraphSyncManager.test.ts"},{"assertionResults":[{"ancestorTitles":["RightSidebar approval refresh"],"fullName":"RightSidebar approval refresh syncs approval refresh to X6 with overwrite so empty deliverables clears","status":"passed","title":"syncs approval refresh to X6 with overwrite so empty deliverables clears","duration":84.09196400000019,"failureMessages":[],"meta":{}}],"startTime":1766765013426,"endTime":1766765013510.092,"status":"passed","message":"","name":"/Users/enjoyjavapan163.com/Code/ALT/Prototype/CDM-17/CDM-17-ALL/apps/web/__tests__/components/RightSidebarApprovalUpdate.test.tsx"},{"assertionResults":[{"ancestorTitles":["RightSidebar ensureNodeExists"],"fullName":"RightSidebar ensureNodeExists prefers local props when API props is empty (prevents wipe) and backfills backend","status":"passed","title":"prefers local props when API props is empty (prevents wipe) and backfills backend","duration":71.76345899999978,"failureMessages":[],"meta":{}}],"startTime":1766765013426,"endTime":1766765013497.7634,"status":"passed","message":"","name":"/Users/enjoyjavapan163.com/Code/ALT/Prototype/CDM-17/CDM-17-ALL/apps/web/__tests__/components/RightSidebarEnsureNodeExistsBackfill.test.tsx"},{"assertionResults":[{"ancestorTitles":["useDependencyMode","initial state"],"fullName":"useDependencyMode initial state should initialize with dependency mode disabled","status":"passed","title":"should initialize with dependency mode disabled","duration":43.42645999999968,"failureMessages":[],"meta":{}},{"ancestorTitles":["useDependencyMode","initial state"],"fullName":"useDependencyMode initial state should return all expected properties","status":"passed","title":"should return all expected properties","duration":5.428914000000077,"failureMessages":[],"meta":{}},{"ancestorTitles":["useDependencyMode","toggleDependencyMode"],"fullName":"useDependencyMode toggleDependencyMode should toggle from false to true","status":"passed","title":"should toggle from false to true","duration":7.597147999999834,"failureMessages":[],"meta":{}},{"ancestorTitles":["useDependencyMode","toggleDependencyMode"],"fullName":"useDependencyMode toggleDependencyMode should toggle from true to false","status":"passed","title":"should toggle from true to false","duration":6.267374999999447,"failureMessages":[],"meta":{}},{"ancestorTitles":["useDependencyMode","toggleDependencyMode"],"fullName":"useDependencyMode toggleDependencyMode should handle multiple toggles correctly","status":"passed","title":"should handle multiple toggles correctly","duration":6.827973000000384,"failureMessages":[],"meta":{}},{"ancestorTitles":["useDependencyMode","setDependencyMode"],"fullName":"useDependencyMode setDependencyMode should set dependency mode to true","status":"passed","title":"should set dependency mode to true","duration":3.4899229999991803,"failureMessages":[],"meta":{}},{"ancestorTitles":["useDependencyMode","setDependencyMode"],"fullName":"useDependencyMode setDependencyMode should set dependency mode to false","status":"passed","title":"should set dependency mode to false","duration":3.2142830000002505,"failureMessages":[],"meta":{}},{"ancestorTitles":["useDependencyMode","setDependencyMode"],"fullName":"useDependencyMode setDependencyMode should allow setting to same value without error","status":"passed","title":"should allow setting to same value without error","duration":3.731064999999944,"failureMessages":[],"meta":{}},{"ancestorTitles":["useDependencyMode","function reference stability"],"fullName":"useDependencyMode function reference stability should maintain stable function references across re-renders","status":"passed","title":"should maintain stable function references across re-renders","duration":3.754632999999558,"failureMessages":[],"meta":{}}],"startTime":1766765012580,"endTime":1766765012665.7546,"status":"passed","message":"","name":"/Users/enjoyjavapan163.com/Code/ALT/Prototype/CDM-17/CDM-17-ALL/apps/web/__tests__/hooks/useDependencyMode.test.ts"},{"assertionResults":[{"ancestorTitles":["useSelection","initial state"],"fullName":"useSelection initial state should return empty selection when no nodes selected","status":"passed","title":"should return empty selection when no nodes selected","duration":48.97071700000015,"failureMessages":[],"meta":{}},{"ancestorTitles":["useSelection","initial state"],"fullName":"useSelection initial state should register selection:changed listener on mount","status":"passed","title":"should register selection:changed listener on mount","duration":13.855271000000357,"failureMessages":[],"meta":{}},{"ancestorTitles":["useSelection","initial state"],"fullName":"useSelection initial state should unregister listener on unmount","status":"passed","title":"should unregister listener on unmount","duration":6.74568200000067,"failureMessages":[],"meta":{}},{"ancestorTitles":["useSelection","selectAll"],"fullName":"useSelection selectAll should select all nodes in the graph","status":"passed","title":"should select all nodes in the graph","duration":13.141982000000098,"failureMessages":[],"meta":{}},{"ancestorTitles":["useSelection","clearSelection"],"fullName":"useSelection clearSelection should clear all selected nodes","status":"passed","title":"should clear all selected nodes","duration":7.349008999999569,"failureMessages":[],"meta":{}},{"ancestorTitles":["useSelection","selectNodes"],"fullName":"useSelection selectNodes should select specific nodes by ID","status":"passed","title":"should select specific nodes by ID","duration":4.683172000000013,"failureMessages":[],"meta":{}},{"ancestorTitles":["useSelection","selectNodes"],"fullName":"useSelection selectNodes should handle non-existent node IDs gracefully","status":"passed","title":"should handle non-existent node IDs gracefully","duration":4.41295799999989,"failureMessages":[],"meta":{}},{"ancestorTitles":["useSelection","addToSelection"],"fullName":"useSelection addToSelection should add node to existing selection","status":"passed","title":"should add node to existing selection","duration":3.6739980000002106,"failureMessages":[],"meta":{}},{"ancestorTitles":["useSelection","removeFromSelection"],"fullName":"useSelection removeFromSelection should remove node from selection","status":"passed","title":"should remove node from selection","duration":4.34312299999965,"failureMessages":[],"meta":{}},{"ancestorTitles":["useSelection","toggleSelection"],"fullName":"useSelection toggleSelection should add node if not selected","status":"passed","title":"should add node if not selected","duration":4.006930999999895,"failureMessages":[],"meta":{}},{"ancestorTitles":["useSelection","toggleSelection"],"fullName":"useSelection toggleSelection should remove node if already selected","status":"passed","title":"should remove node if already selected","duration":3.503108999999313,"failureMessages":[],"meta":{}},{"ancestorTitles":["useSelection","null graph handling"],"fullName":"useSelection null graph handling should handle null graph gracefully","status":"passed","title":"should handle null graph gracefully","duration":3.1085039999998116,"failureMessages":[],"meta":{}}],"startTime":1766765012634,"endTime":1766765012754.1084,"status":"passed","message":"","name":"/Users/enjoyjavapan163.com/Code/ALT/Prototype/CDM-17/CDM-17-ALL/apps/web/__tests__/hooks/useSelection.test.ts"},{"assertionResults":[{"ancestorTitles":["edgeValidation","isTaskNode"],"fullName":"edgeValidation isTaskNode should return true for TASK node type","status":"passed","title":"should return true for TASK node type","duration":3.9358490000004167,"failureMessages":[],"meta":{}},{"ancestorTitles":["edgeValidation","isTaskNode"],"fullName":"edgeValidation isTaskNode should return false for PBS node type","status":"passed","title":"should return false for PBS node type","duration":0.612913999999364,"failureMessages":[],"meta":{}},{"ancestorTitles":["edgeValidation","isTaskNode"],"fullName":"edgeValidation isTaskNode should return false for REQUIREMENT node type","status":"passed","title":"should return false for REQUIREMENT node type","duration":0.5051969999994981,"failureMessages":[],"meta":{}},{"ancestorTitles":["edgeValidation","isTaskNode"],"fullName":"edgeValidation isTaskNode should return false for DATA node type","status":"passed","title":"should return false for DATA node type","duration":1.2249489999994694,"failureMessages":[],"meta":{}},{"ancestorTitles":["edgeValidation","isTaskNode"],"fullName":"edgeValidation isTaskNode should return false for node with no nodeType","status":"passed","title":"should return false for node with no nodeType","duration":0.6018109999995431,"failureMessages":[],"meta":{}},{"ancestorTitles":["edgeValidation","getEdgeMetadata"],"fullName":"edgeValidation getEdgeMetadata should extract metadata from metadata object","status":"passed","title":"should extract metadata from metadata object","duration":0.8202169999995021,"failureMessages":[],"meta":{}},{"ancestorTitles":["edgeValidation","getEdgeMetadata"],"fullName":"edgeValidation getEdgeMetadata should extract kind directly from data if no metadata object","status":"passed","title":"should extract kind directly from data if no metadata object","duration":1.1150939999997718,"failureMessages":[],"meta":{}},{"ancestorTitles":["edgeValidation","getEdgeMetadata"],"fullName":"edgeValidation getEdgeMetadata should default to hierarchical if no kind specified","status":"passed","title":"should default to hierarchical if no kind specified","duration":0.4882029999998849,"failureMessages":[],"meta":{}},{"ancestorTitles":["edgeValidation","isDependencyEdge"],"fullName":"edgeValidation isDependencyEdge should return true for dependency edge","status":"passed","title":"should return true for dependency edge","duration":0.5370839999995951,"failureMessages":[],"meta":{}},{"ancestorTitles":["edgeValidation","isDependencyEdge"],"fullName":"edgeValidation isDependencyEdge should return false for hierarchical edge","status":"passed","title":"should return false for hierarchical edge","duration":0.4525659999999334,"failureMessages":[],"meta":{}},{"ancestorTitles":["edgeValidation","validateDependencyEdge"],"fullName":"edgeValidation validateDependencyEdge should reject self-loops","status":"passed","title":"should reject self-loops","duration":0.9489279999997962,"failureMessages":[],"meta":{}},{"ancestorTitles":["edgeValidation","validateDependencyEdge"],"fullName":"edgeValidation validateDependencyEdge should reject when source node does not exist","status":"passed","title":"should reject when source node does not exist","duration":0.5253940000002331,"failureMessages":[],"meta":{}},{"ancestorTitles":["edgeValidation","validateDependencyEdge"],"fullName":"edgeValidation validateDependencyEdge should reject when target node does not exist","status":"passed","title":"should reject when target node does not exist","duration":0.43285500000001775,"failureMessages":[],"meta":{}},{"ancestorTitles":["edgeValidation","validateDependencyEdge"],"fullName":"edgeValidation validateDependencyEdge should reject when source is not a TASK node","status":"passed","title":"should reject when source is not a TASK node","duration":0.4403629999997065,"failureMessages":[],"meta":{}},{"ancestorTitles":["edgeValidation","validateDependencyEdge"],"fullName":"edgeValidation validateDependencyEdge should reject when target is not a TASK node","status":"passed","title":"should reject when target is not a TASK node","duration":0.48797900000045047,"failureMessages":[],"meta":{}},{"ancestorTitles":["edgeValidation","validateDependencyEdge"],"fullName":"edgeValidation validateDependencyEdge should accept valid dependency between TASK nodes","status":"passed","title":"should accept valid dependency between TASK nodes","duration":1.0636179999992237,"failureMessages":[],"meta":{}},{"ancestorTitles":["edgeValidation","validateDependencyEdge"],"fullName":"edgeValidation validateDependencyEdge should reject when creating edge would form a cycle","status":"passed","title":"should reject when creating edge would form a cycle","duration":2.689531999999417,"failureMessages":[],"meta":{}},{"ancestorTitles":["edgeValidation","detectCycleIfCreated"],"fullName":"edgeValidation detectCycleIfCreated should detect self-loop as a cycle","status":"passed","title":"should detect self-loop as a cycle","duration":2.0912020000005214,"failureMessages":[],"meta":{}},{"ancestorTitles":["edgeValidation","detectCycleIfCreated"],"fullName":"edgeValidation detectCycleIfCreated should detect simple A->B->A cycle","status":"passed","title":"should detect simple A->B->A cycle","duration":0.566237000000001,"failureMessages":[],"meta":{}},{"ancestorTitles":["edgeValidation","detectCycleIfCreated"],"fullName":"edgeValidation detectCycleIfCreated should detect A->B->C->A cycle","status":"passed","title":"should detect A->B->C->A cycle","duration":0.41407299999991665,"failureMessages":[],"meta":{}},{"ancestorTitles":["edgeValidation","detectCycleIfCreated"],"fullName":"edgeValidation detectCycleIfCreated should NOT detect cycle for valid DAG","status":"passed","title":"should NOT detect cycle for valid DAG","duration":0.3996400000005451,"failureMessages":[],"meta":{}},{"ancestorTitles":["edgeValidation","detectCycleIfCreated"],"fullName":"edgeValidation detectCycleIfCreated should ignore hierarchical edges when detecting cycles","status":"passed","title":"should ignore hierarchical edges when detecting cycles","duration":0.3909590000002936,"failureMessages":[],"meta":{}},{"ancestorTitles":["edgeValidation","createEdgeValidator"],"fullName":"edgeValidation createEdgeValidator should allow all edges when not in dependency mode","status":"passed","title":"should allow all edges when not in dependency mode","duration":0.4524440000004688,"failureMessages":[],"meta":{}},{"ancestorTitles":["edgeValidation","createEdgeValidator"],"fullName":"edgeValidation createEdgeValidator should reject self-loops in dependency mode","status":"passed","title":"should reject self-loops in dependency mode","duration":0.3136419999991631,"failureMessages":[],"meta":{}},{"ancestorTitles":["edgeValidation","createEdgeValidator"],"fullName":"edgeValidation createEdgeValidator should reject missing source cell in dependency mode","status":"passed","title":"should reject missing source cell in dependency mode","duration":0.32539099999939936,"failureMessages":[],"meta":{}},{"ancestorTitles":["edgeValidation","createEdgeValidator"],"fullName":"edgeValidation createEdgeValidator should reject missing target cell in dependency mode","status":"passed","title":"should reject missing target cell in dependency mode","duration":0.32959200000004785,"failureMessages":[],"meta":{}},{"ancestorTitles":["edgeValidation","createEdgeValidator"],"fullName":"edgeValidation createEdgeValidator should allow valid connection in dependency mode","status":"passed","title":"should allow valid connection in dependency mode","duration":0.31047299999954703,"failureMessages":[],"meta":{}}],"startTime":1766765013268,"endTime":1766765013292.3105,"status":"passed","message":"","name":"/Users/enjoyjavapan163.com/Code/ALT/Prototype/CDM-17/CDM-17-ALL/apps/web/__tests__/lib/edgeValidation.test.ts"},{"assertionResults":[{"ancestorTitles":["ViewContainer"],"fullName":"ViewContainer renders graph view by default","status":"passed","title":"renders graph view by default","duration":71.56320099999994,"failureMessages":[],"meta":{}},{"ancestorTitles":["ViewContainer"],"fullName":"ViewContainer renders kanban view when viewMode is kanban","status":"failed","title":"renders kanban view when viewMode is kanban","duration":38.963566000000355,"failureMessages":["TestingLibraryElementError: Unable to find an element by: [data-testid=\"kanban-view\"]\n\nIgnored nodes: comments, script, style\n\u001b[36m<body>\u001b[39m\n  \u001b[36m<div>\u001b[39m\n    \u001b[36m<div\u001b[39m\n      \u001b[33mclass\u001b[39m=\u001b[32m\"flex items-center justify-center h-full text-gray-500\"\u001b[39m\n    \u001b[36m>\u001b[39m\n      \u001b[0m正在加载看板视图...\u001b[0m\n    \u001b[36m</div>\u001b[39m\n  \u001b[36m</div>\u001b[39m\n\u001b[36m</body>\u001b[39m\n    at Object.getElementError (/Users/enjoyjavapan163.com/Code/ALT/Prototype/CDM-17/CDM-17-ALL/node_modules/.pnpm/@testing-library+dom@10.4.1/node_modules/@testing-library/dom/dist/config.js:37:19)\n    at /Users/enjoyjavapan163.com/Code/ALT/Prototype/CDM-17/CDM-17-ALL/node_modules/.pnpm/@testing-library+dom@10.4.1/node_modules/@testing-library/dom/dist/query-helpers.js:76:38\n    at /Users/enjoyjavapan163.com/Code/ALT/Prototype/CDM-17/CDM-17-ALL/node_modules/.pnpm/@testing-library+dom@10.4.1/node_modules/@testing-library/dom/dist/query-helpers.js:52:17\n    at /Users/enjoyjavapan163.com/Code/ALT/Prototype/CDM-17/CDM-17-ALL/node_modules/.pnpm/@testing-library+dom@10.4.1/node_modules/@testing-library/dom/dist/query-helpers.js:95:19\n    at /Users/enjoyjavapan163.com/Code/ALT/Prototype/CDM-17/CDM-17-ALL/apps/web/__tests__/features/views/ViewContainer.test.tsx:54:19\n    at file:///Users/enjoyjavapan163.com/Code/ALT/Prototype/CDM-17/CDM-17-ALL/node_modules/.pnpm/@vitest+runner@3.2.4/node_modules/@vitest/runner/dist/chunk-hooks.js:155:11\n    at file:///Users/enjoyjavapan163.com/Code/ALT/Prototype/CDM-17/CDM-17-ALL/node_modules/.pnpm/@vitest+runner@3.2.4/node_modules/@vitest/runner/dist/chunk-hooks.js:752:26\n    at file:///Users/enjoyjavapan163.com/Code/ALT/Prototype/CDM-17/CDM-17-ALL/node_modules/.pnpm/@vitest+runner@3.2.4/node_modules/@vitest/runner/dist/chunk-hooks.js:1897:20\n    at new Promise (<anonymous>)\n    at runWithTimeout (file:///Users/enjoyjavapan163.com/Code/ALT/Prototype/CDM-17/CDM-17-ALL/node_modules/.pnpm/@vitest+runner@3.2.4/node_modules/@vitest/runner/dist/chunk-hooks.js:1863:10)"],"meta":{}},{"ancestorTitles":["ViewContainer"],"fullName":"ViewContainer renders gantt view when viewMode is gantt","status":"failed","title":"renders gantt view when viewMode is gantt","duration":11.183868000000075,"failureMessages":["TestingLibraryElementError: Unable to find an element by: [data-testid=\"gantt-view\"]\n\nIgnored nodes: comments, script, style\n\u001b[36m<body>\u001b[39m\n  \u001b[36m<div>\u001b[39m\n    \u001b[36m<div\u001b[39m\n      \u001b[33mclass\u001b[39m=\u001b[32m\"flex items-center justify-center h-full text-gray-500\"\u001b[39m\n    \u001b[36m>\u001b[39m\n      \u001b[0m正在加载甘特视图...\u001b[0m\n    \u001b[36m</div>\u001b[39m\n  \u001b[36m</div>\u001b[39m\n\u001b[36m</body>\u001b[39m\n    at Object.getElementError (/Users/enjoyjavapan163.com/Code/ALT/Prototype/CDM-17/CDM-17-ALL/node_modules/.pnpm/@testing-library+dom@10.4.1/node_modules/@testing-library/dom/dist/config.js:37:19)\n    at /Users/enjoyjavapan163.com/Code/ALT/Prototype/CDM-17/CDM-17-ALL/node_modules/.pnpm/@testing-library+dom@10.4.1/node_modules/@testing-library/dom/dist/query-helpers.js:76:38\n    at /Users/enjoyjavapan163.com/Code/ALT/Prototype/CDM-17/CDM-17-ALL/node_modules/.pnpm/@testing-library+dom@10.4.1/node_modules/@testing-library/dom/dist/query-helpers.js:52:17\n    at /Users/enjoyjavapan163.com/Code/ALT/Prototype/CDM-17/CDM-17-ALL/node_modules/.pnpm/@testing-library+dom@10.4.1/node_modules/@testing-library/dom/dist/query-helpers.js:95:19\n    at /Users/enjoyjavapan163.com/Code/ALT/Prototype/CDM-17/CDM-17-ALL/apps/web/__tests__/features/views/ViewContainer.test.tsx:62:19\n    at file:///Users/enjoyjavapan163.com/Code/ALT/Prototype/CDM-17/CDM-17-ALL/node_modules/.pnpm/@vitest+runner@3.2.4/node_modules/@vitest/runner/dist/chunk-hooks.js:155:11\n    at file:///Users/enjoyjavapan163.com/Code/ALT/Prototype/CDM-17/CDM-17-ALL/node_modules/.pnpm/@vitest+runner@3.2.4/node_modules/@vitest/runner/dist/chunk-hooks.js:752:26\n    at file:///Users/enjoyjavapan163.com/Code/ALT/Prototype/CDM-17/CDM-17-ALL/node_modules/.pnpm/@vitest+runner@3.2.4/node_modules/@vitest/runner/dist/chunk-hooks.js:1897:20\n    at new Promise (<anonymous>)\n    at runWithTimeout (file:///Users/enjoyjavapan163.com/Code/ALT/Prototype/CDM-17/CDM-17-ALL/node_modules/.pnpm/@vitest+runner@3.2.4/node_modules/@vitest/runner/dist/chunk-hooks.js:1863:10)"],"meta":{}}],"startTime":1766765012830,"endTime":1766765012952.1838,"status":"failed","message":"","name":"/Users/enjoyjavapan163.com/Code/ALT/Prototype/CDM-17/CDM-17-ALL/apps/web/__tests__/features/views/ViewContainer.test.tsx"},{"assertionResults":[{"ancestorTitles":["ViewSwitcher"],"fullName":"ViewSwitcher renders all view options","status":"passed","title":"renders all view options","duration":97.40842100000009,"failureMessages":[],"meta":{}},{"ancestorTitles":["ViewSwitcher"],"fullName":"ViewSwitcher switches to Kanban view when clicked","status":"passed","title":"switches to Kanban view when clicked","duration":32.74878400000034,"failureMessages":[],"meta":{}},{"ancestorTitles":["ViewSwitcher"],"fullName":"ViewSwitcher switches to Gantt view when clicked","status":"passed","title":"switches to Gantt view when clicked","duration":27.82637799999975,"failureMessages":[],"meta":{}}],"startTime":1766765013103,"endTime":1766765013261.8264,"status":"passed","message":"","name":"/Users/enjoyjavapan163.com/Code/ALT/Prototype/CDM-17/CDM-17-ALL/apps/web/__tests__/features/views/ViewSwitcher.test.tsx"},{"assertionResults":[{"ancestorTitles":["useGanttData","Basic Functionality"],"fullName":"useGanttData Basic Functionality should return empty data when yDoc is null","status":"passed","title":"should return empty data when yDoc is null","duration":45.416025999999874,"failureMessages":[],"meta":{}},{"ancestorTitles":["useGanttData","Basic Functionality"],"fullName":"useGanttData Basic Functionality should return empty data when yDoc has no nodes","status":"passed","title":"should return empty data when yDoc has no nodes","duration":10.257460999999239,"failureMessages":[],"meta":{}},{"ancestorTitles":["useGanttData","Basic Functionality"],"fullName":"useGanttData Basic Functionality should only include TASK nodes","status":"passed","title":"should only include TASK nodes","duration":17.508214999999836,"failureMessages":[],"meta":{}},{"ancestorTitles":["useGanttData","Date Handling"],"fullName":"useGanttData Date Handling should handle tasks with both startDate and dueDate","status":"passed","title":"should handle tasks with both startDate and dueDate","duration":5.446657999999843,"failureMessages":[],"meta":{}},{"ancestorTitles":["useGanttData","Date Handling"],"fullName":"useGanttData Date Handling should fallback to 1-day duration when only dueDate exists","status":"passed","title":"should fallback to 1-day duration when only dueDate exists","duration":5.453961000000163,"failureMessages":[],"meta":{}},{"ancestorTitles":["useGanttData","Date Handling"],"fullName":"useGanttData Date Handling should put unscheduled tasks in sidebar when no dates","status":"passed","title":"should put unscheduled tasks in sidebar when no dates","duration":4.196361999999681,"failureMessages":[],"meta":{}},{"ancestorTitles":["useGanttData","Date Handling"],"fullName":"useGanttData Date Handling should hide unscheduled tasks when showUnscheduled is false","status":"passed","title":"should hide unscheduled tasks when showUnscheduled is false","duration":3.673475999999937,"failureMessages":[],"meta":{}},{"ancestorTitles":["useGanttData","findGanttParent Algorithm"],"fullName":"useGanttData findGanttParent Algorithm should find direct TASK parent","status":"passed","title":"should find direct TASK parent","duration":6.065819999999803,"failureMessages":[],"meta":{}},{"ancestorTitles":["useGanttData","findGanttParent Algorithm"],"fullName":"useGanttData findGanttParent Algorithm should skip non-TASK nodes to find parent","status":"passed","title":"should skip non-TASK nodes to find parent","duration":4.300220000000081,"failureMessages":[],"meta":{}},{"ancestorTitles":["useGanttData","findGanttParent Algorithm"],"fullName":"useGanttData findGanttParent Algorithm should use root as parent when no TASK ancestor","status":"passed","title":"should use root as parent when no TASK ancestor","duration":5.429567000000134,"failureMessages":[],"meta":{}},{"ancestorTitles":["useGanttData","findGanttParent Algorithm"],"fullName":"useGanttData findGanttParent Algorithm should handle complex hierarchy with multiple levels","status":"passed","title":"should handle complex hierarchy with multiple levels","duration":4.2487410000003365,"failureMessages":[],"meta":{}},{"ancestorTitles":["useGanttData","findGanttParent Algorithm"],"fullName":"useGanttData findGanttParent Algorithm should ignore dependency edges when determining hierarchy","status":"failed","title":"should ignore dependency edges when determining hierarchy","duration":23.55761900000016,"failureMessages":["AssertionError: expected 'root' to be '0' // Object.is equality\n    at /Users/enjoyjavapan163.com/Code/ALT/Prototype/CDM-17/CDM-17-ALL/apps/web/__tests__/features/views/useGanttData.test.ts:353:29\n    at file:///Users/enjoyjavapan163.com/Code/ALT/Prototype/CDM-17/CDM-17-ALL/node_modules/.pnpm/@vitest+runner@3.2.4/node_modules/@vitest/runner/dist/chunk-hooks.js:155:11\n    at file:///Users/enjoyjavapan163.com/Code/ALT/Prototype/CDM-17/CDM-17-ALL/node_modules/.pnpm/@vitest+runner@3.2.4/node_modules/@vitest/runner/dist/chunk-hooks.js:752:26\n    at file:///Users/enjoyjavapan163.com/Code/ALT/Prototype/CDM-17/CDM-17-ALL/node_modules/.pnpm/@vitest+runner@3.2.4/node_modules/@vitest/runner/dist/chunk-hooks.js:1897:20\n    at new Promise (<anonymous>)\n    at runWithTimeout (file:///Users/enjoyjavapan163.com/Code/ALT/Prototype/CDM-17/CDM-17-ALL/node_modules/.pnpm/@vitest+runner@3.2.4/node_modules/@vitest/runner/dist/chunk-hooks.js:1863:10)\n    at runTest (file:///Users/enjoyjavapan163.com/Code/ALT/Prototype/CDM-17/CDM-17-ALL/node_modules/.pnpm/@vitest+runner@3.2.4/node_modules/@vitest/runner/dist/chunk-hooks.js:1574:12)\n    at processTicksAndRejections (node:internal/process/task_queues:103:5)\n    at runSuite (file:///Users/enjoyjavapan163.com/Code/ALT/Prototype/CDM-17/CDM-17-ALL/node_modules/.pnpm/@vitest+runner@3.2.4/node_modules/@vitest/runner/dist/chunk-hooks.js:1729:8)\n    at runSuite (file:///Users/enjoyjavapan163.com/Code/ALT/Prototype/CDM-17/CDM-17-ALL/node_modules/.pnpm/@vitest+runner@3.2.4/node_modules/@vitest/runner/dist/chunk-hooks.js:1729:8)"],"meta":{}},{"ancestorTitles":["useGanttData","Dependency Links"],"fullName":"useGanttData Dependency Links should create links between TASK nodes","status":"passed","title":"should create links between TASK nodes","duration":2.974975999999515,"failureMessages":[],"meta":{}},{"ancestorTitles":["useGanttData","Dependency Links"],"fullName":"useGanttData Dependency Links should not create links when showDependencies is false","status":"passed","title":"should not create links when showDependencies is false","duration":11.790823999999702,"failureMessages":[],"meta":{}},{"ancestorTitles":["useGanttData","Task Properties"],"fullName":"useGanttData Task Properties should extract all task properties correctly","status":"passed","title":"should extract all task properties correctly","duration":2.942019000000073,"failureMessages":[],"meta":{}},{"ancestorTitles":["useGanttData","Task Properties"],"fullName":"useGanttData Task Properties should calculate duration correctly","status":"passed","title":"should calculate duration correctly","duration":2.4516660000008414,"failureMessages":[],"meta":{}},{"ancestorTitles":["useGanttData","Update Functions"],"fullName":"useGanttData Update Functions should provide updateTaskDates function","status":"passed","title":"should provide updateTaskDates function","duration":7.218243000000257,"failureMessages":[],"meta":{}},{"ancestorTitles":["useGanttData","Update Functions"],"fullName":"useGanttData Update Functions should provide updateTaskProgress function","status":"passed","title":"should provide updateTaskProgress function","duration":7.446067999999286,"failureMessages":[],"meta":{}},{"ancestorTitles":["useGanttData","Update Functions"],"fullName":"useGanttData Update Functions should update task dates in Yjs (Gantt -> Mindmap)","status":"passed","title":"should update task dates in Yjs (Gantt -> Mindmap)","duration":14.445055000000139,"failureMessages":[],"meta":{}},{"ancestorTitles":["useGanttData","Realtime Sync Verification"],"fullName":"useGanttData Realtime Sync Verification should reflect date updates from Yjs (Mindmap -> Gantt)","status":"passed","title":"should reflect date updates from Yjs (Mindmap -> Gantt)","duration":7.834562000000005,"failureMessages":[],"meta":{}},{"ancestorTitles":["useGanttData","Performance"],"fullName":"useGanttData Performance should transform 500 tasks within 100ms","status":"passed","title":"should transform 500 tasks within 100ms","duration":55.268449000000146,"failureMessages":[],"meta":{}}],"startTime":1766765013307,"endTime":1766765013558.2686,"status":"failed","message":"","name":"/Users/enjoyjavapan163.com/Code/ALT/Prototype/CDM-17/CDM-17-ALL/apps/web/__tests__/features/views/useGanttData.test.ts"},{"assertionResults":[{"ancestorTitles":["useKanbanData","Basic Functionality"],"fullName":"useKanbanData Basic Functionality should return empty columns when yDoc is null","status":"passed","title":"should return empty columns when yDoc is null","duration":47.67346600000019,"failureMessages":[],"meta":{}},{"ancestorTitles":["useKanbanData","Basic Functionality"],"fullName":"useKanbanData Basic Functionality should return empty columns when yDoc has no nodes","status":"passed","title":"should return empty columns when yDoc has no nodes","duration":12.765849000000344,"failureMessages":[],"meta":{}},{"ancestorTitles":["useKanbanData","Basic Functionality"],"fullName":"useKanbanData Basic Functionality should only include TASK nodes","status":"passed","title":"should only include TASK nodes","duration":18.59312399999999,"failureMessages":[],"meta":{}},{"ancestorTitles":["useKanbanData","Status Grouping"],"fullName":"useKanbanData Status Grouping should group tasks by status","status":"passed","title":"should group tasks by status","duration":7.542253999999957,"failureMessages":[],"meta":{}},{"ancestorTitles":["useKanbanData","Status Grouping"],"fullName":"useKanbanData Status Grouping should default to todo status when status is missing","status":"passed","title":"should default to todo status when status is missing","duration":5.12362099999973,"failureMessages":[],"meta":{}},{"ancestorTitles":["useKanbanData","Status Grouping"],"fullName":"useKanbanData Status Grouping should return all three status columns in order","status":"passed","title":"should return all three status columns in order","duration":6.19834499999979,"failureMessages":[],"meta":{}},{"ancestorTitles":["useKanbanData","Custom Stage Grouping"],"fullName":"useKanbanData Custom Stage Grouping should group tasks by customStage","status":"passed","title":"should group tasks by customStage","duration":5.253036999999495,"failureMessages":[],"meta":{}},{"ancestorTitles":["useKanbanData","Custom Stage Grouping"],"fullName":"useKanbanData Custom Stage Grouping should put unassigned tasks in unassigned column","status":"failed","title":"should put unassigned tasks in unassigned column","duration":29.72906200000034,"failureMessages":["AssertionError: expected [ { id: 't2', …(14) }, …(1) ] to have a length of 1 but got 2\n    at Proxy.<anonymous> (file:///Users/enjoyjavapan163.com/Code/ALT/Prototype/CDM-17/CDM-17-ALL/node_modules/.pnpm/@vitest+expect@3.2.4/node_modules/@vitest/expect/dist/index.js:1257:20)\n    at Proxy.<anonymous> (file:///Users/enjoyjavapan163.com/Code/ALT/Prototype/CDM-17/CDM-17-ALL/node_modules/.pnpm/@vitest+expect@3.2.4/node_modules/@vitest/expect/dist/index.js:1029:14)\n    at Proxy.methodWrapper (file:///Users/enjoyjavapan163.com/Code/ALT/Prototype/CDM-17/CDM-17-ALL/node_modules/.pnpm/chai@5.3.3/node_modules/chai/index.js:1686:25)\n    at /Users/enjoyjavapan163.com/Code/ALT/Prototype/CDM-17/CDM-17-ALL/apps/web/__tests__/features/views/useKanbanData.test.ts:201:39\n    at file:///Users/enjoyjavapan163.com/Code/ALT/Prototype/CDM-17/CDM-17-ALL/node_modules/.pnpm/@vitest+runner@3.2.4/node_modules/@vitest/runner/dist/chunk-hooks.js:155:11\n    at file:///Users/enjoyjavapan163.com/Code/ALT/Prototype/CDM-17/CDM-17-ALL/node_modules/.pnpm/@vitest+runner@3.2.4/node_modules/@vitest/runner/dist/chunk-hooks.js:752:26\n    at file:///Users/enjoyjavapan163.com/Code/ALT/Prototype/CDM-17/CDM-17-ALL/node_modules/.pnpm/@vitest+runner@3.2.4/node_modules/@vitest/runner/dist/chunk-hooks.js:1897:20\n    at new Promise (<anonymous>)\n    at runWithTimeout (file:///Users/enjoyjavapan163.com/Code/ALT/Prototype/CDM-17/CDM-17-ALL/node_modules/.pnpm/@vitest+runner@3.2.4/node_modules/@vitest/runner/dist/chunk-hooks.js:1863:10)\n    at runTest (file:///Users/enjoyjavapan163.com/Code/ALT/Prototype/CDM-17/CDM-17-ALL/node_modules/.pnpm/@vitest+runner@3.2.4/node_modules/@vitest/runner/dist/chunk-hooks.js:1574:12)"],"meta":{}},{"ancestorTitles":["useKanbanData","Show Completed Filter"],"fullName":"useKanbanData Show Completed Filter should filter out done tasks when showCompleted is false","status":"passed","title":"should filter out done tasks when showCompleted is false","duration":4.036761000000297,"failureMessages":[],"meta":{}},{"ancestorTitles":["useKanbanData","Card Data Extraction"],"fullName":"useKanbanData Card Data Extraction should extract all task properties correctly","status":"passed","title":"should extract all task properties correctly","duration":5.289370999999846,"failureMessages":[],"meta":{}},{"ancestorTitles":["useKanbanData","moveCard Action"],"fullName":"useKanbanData moveCard Action should update node status in Yjs when moving card","status":"passed","title":"should update node status in Yjs when moving card","duration":15.884135999999671,"failureMessages":[],"meta":{}},{"ancestorTitles":["useKanbanData","moveCard Action"],"fullName":"useKanbanData moveCard Action should update customStage in Yjs when moving card (customStage groupBy)","status":"passed","title":"should update customStage in Yjs when moving card (customStage groupBy)","duration":4.097142000000531,"failureMessages":[],"meta":{}},{"ancestorTitles":["useKanbanData","moveCard Action"],"fullName":"useKanbanData moveCard Action should not update if card does not exist","status":"passed","title":"should not update if card does not exist","duration":2.1357630000002246,"failureMessages":[],"meta":{}},{"ancestorTitles":["useKanbanData","moveCard Action"],"fullName":"useKanbanData moveCard Action should not update non-TASK nodes","status":"passed","title":"should not update non-TASK nodes","duration":3.461247999999614,"failureMessages":[],"meta":{}},{"ancestorTitles":["useKanbanData","updateCard Action"],"fullName":"useKanbanData updateCard Action should update card properties in Yjs","status":"passed","title":"should update card properties in Yjs","duration":5.317931000000499,"failureMessages":[],"meta":{}},{"ancestorTitles":["useKanbanData","updateCard Action"],"fullName":"useKanbanData updateCard Action should preserve existing properties when updating","status":"passed","title":"should preserve existing properties when updating","duration":4.585698999999295,"failureMessages":[],"meta":{}},{"ancestorTitles":["useKanbanData","Realtime Sync Verification"],"fullName":"useKanbanData Realtime Sync Verification should reflect status changes from Yjs (Mindmap -> Kanban)","status":"passed","title":"should reflect status changes from Yjs (Mindmap -> Kanban)","duration":7.897649000000456,"failureMessages":[],"meta":{}},{"ancestorTitles":["useKanbanData","Performance"],"fullName":"useKanbanData Performance should transform 500 tasks within 100ms","status":"passed","title":"should transform 500 tasks within 100ms","duration":53.65833699999985,"failureMessages":[],"meta":{}}],"startTime":1766765013301,"endTime":1766765013542.6584,"status":"failed","message":"","name":"/Users/enjoyjavapan163.com/Code/ALT/Prototype/CDM-17/CDM-17-ALL/apps/web/__tests__/features/views/useKanbanData.test.ts"},{"assertionResults":[{"ancestorTitles":["useViewStore","Initial State"],"fullName":"useViewStore Initial State should initialize with graph view mode","status":"passed","title":"should initialize with graph view mode","duration":48.81741500000044,"failureMessages":[],"meta":{}},{"ancestorTitles":["useViewStore","Initial State"],"fullName":"useViewStore Initial State should initialize Gantt state with defaults","status":"passed","title":"should initialize Gantt state with defaults","duration":9.004291999999623,"failureMessages":[],"meta":{}},{"ancestorTitles":["useViewStore","Initial State"],"fullName":"useViewStore Initial State should initialize Kanban state with defaults","status":"passed","title":"should initialize Kanban state with defaults","duration":10.467776999999842,"failureMessages":[],"meta":{}},{"ancestorTitles":["useViewStore","View Mode Actions"],"fullName":"useViewStore View Mode Actions should set view mode to kanban","status":"passed","title":"should set view mode to kanban","duration":5.801041000000623,"failureMessages":[],"meta":{}},{"ancestorTitles":["useViewStore","View Mode Actions"],"fullName":"useViewStore View Mode Actions should set view mode to gantt","status":"passed","title":"should set view mode to gantt","duration":7.412168999999267,"failureMessages":[],"meta":{}},{"ancestorTitles":["useViewStore","View Mode Actions"],"fullName":"useViewStore View Mode Actions should cycle through view modes","status":"passed","title":"should cycle through view modes","duration":8.514113999999608,"failureMessages":[],"meta":{}},{"ancestorTitles":["useViewStore","Gantt Actions (Task 2.3)"],"fullName":"useViewStore Gantt Actions (Task 2.3) should set zoom level","status":"passed","title":"should set zoom level","duration":4.363208000000668,"failureMessages":[],"meta":{}},{"ancestorTitles":["useViewStore","Gantt Actions (Task 2.3)"],"fullName":"useViewStore Gantt Actions (Task 2.3) should support all zoom levels","status":"passed","title":"should support all zoom levels","duration":7.542201000000205,"failureMessages":[],"meta":{}},{"ancestorTitles":["useViewStore","Gantt Actions (Task 2.3)"],"fullName":"useViewStore Gantt Actions (Task 2.3) should toggle Gantt row expansion","status":"passed","title":"should toggle Gantt row expansion","duration":4.640010000000075,"failureMessages":[],"meta":{}},{"ancestorTitles":["useViewStore","Gantt Actions (Task 2.3)"],"fullName":"useViewStore Gantt Actions (Task 2.3) should expand multiple rows independently","status":"passed","title":"should expand multiple rows independently","duration":4.055511999999908,"failureMessages":[],"meta":{}},{"ancestorTitles":["useViewStore","Gantt Actions (Task 2.3)"],"fullName":"useViewStore Gantt Actions (Task 2.3) should expand all Gantt rows","status":"passed","title":"should expand all Gantt rows","duration":5.289929999999913,"failureMessages":[],"meta":{}},{"ancestorTitles":["useViewStore","Gantt Actions (Task 2.3)"],"fullName":"useViewStore Gantt Actions (Task 2.3) should collapse all Gantt rows","status":"passed","title":"should collapse all Gantt rows","duration":5.728092999999717,"failureMessages":[],"meta":{}},{"ancestorTitles":["useViewStore","Gantt Actions (Task 2.3)"],"fullName":"useViewStore Gantt Actions (Task 2.3) should toggle show unscheduled","status":"passed","title":"should toggle show unscheduled","duration":6.735602000000654,"failureMessages":[],"meta":{}},{"ancestorTitles":["useViewStore","Gantt Actions (Task 2.3)"],"fullName":"useViewStore Gantt Actions (Task 2.3) should toggle show dependencies","status":"passed","title":"should toggle show dependencies","duration":4.983138999999937,"failureMessages":[],"meta":{}},{"ancestorTitles":["useViewStore","Kanban Actions (Task 2.4)"],"fullName":"useViewStore Kanban Actions (Task 2.4) should set group by to customStage","status":"passed","title":"should set group by to customStage","duration":5.406259999999747,"failureMessages":[],"meta":{}},{"ancestorTitles":["useViewStore","Kanban Actions (Task 2.4)"],"fullName":"useViewStore Kanban Actions (Task 2.4) should set group by to status","status":"passed","title":"should set group by to status","duration":6.058901999999762,"failureMessages":[],"meta":{}},{"ancestorTitles":["useViewStore","Kanban Actions (Task 2.4)"],"fullName":"useViewStore Kanban Actions (Task 2.4) should set custom stages","status":"passed","title":"should set custom stages","duration":4.373473999999987,"failureMessages":[],"meta":{}},{"ancestorTitles":["useViewStore","Kanban Actions (Task 2.4)"],"fullName":"useViewStore Kanban Actions (Task 2.4) should add custom stage","status":"passed","title":"should add custom stage","duration":6.423015999999734,"failureMessages":[],"meta":{}},{"ancestorTitles":["useViewStore","Kanban Actions (Task 2.4)"],"fullName":"useViewStore Kanban Actions (Task 2.4) should not add duplicate custom stage","status":"passed","title":"should not add duplicate custom stage","duration":4.8461889999998675,"failureMessages":[],"meta":{}},{"ancestorTitles":["useViewStore","Kanban Actions (Task 2.4)"],"fullName":"useViewStore Kanban Actions (Task 2.4) should remove custom stage","status":"passed","title":"should remove custom stage","duration":5.5083230000000185,"failureMessages":[],"meta":{}},{"ancestorTitles":["useViewStore","Kanban Actions (Task 2.4)"],"fullName":"useViewStore Kanban Actions (Task 2.4) should toggle show completed","status":"passed","title":"should toggle show completed","duration":4.533666999999696,"failureMessages":[],"meta":{}},{"ancestorTitles":["useViewStore","Reset Actions"],"fullName":"useViewStore Reset Actions should reset Gantt state","status":"passed","title":"should reset Gantt state","duration":5.297316000000137,"failureMessages":[],"meta":{}},{"ancestorTitles":["useViewStore","Reset Actions"],"fullName":"useViewStore Reset Actions should reset Kanban state","status":"passed","title":"should reset Kanban state","duration":4.548348999999689,"failureMessages":[],"meta":{}},{"ancestorTitles":["useViewStore","Reset Actions"],"fullName":"useViewStore Reset Actions should reset all view state","status":"passed","title":"should reset all view state","duration":4.883335000000443,"failureMessages":[],"meta":{}},{"ancestorTitles":["useViewStore","Selector Hooks"],"fullName":"useViewStore Selector Hooks useViewMode should return only view mode","status":"passed","title":"useViewMode should return only view mode","duration":3.765190999999504,"failureMessages":[],"meta":{}},{"ancestorTitles":["useViewStore","Selector Hooks"],"fullName":"useViewStore Selector Hooks useGanttState should return Gantt state","status":"passed","title":"useGanttState should return Gantt state","duration":4.611689999999726,"failureMessages":[],"meta":{}},{"ancestorTitles":["useViewStore","Selector Hooks"],"fullName":"useViewStore Selector Hooks useKanbanState should return Kanban state","status":"passed","title":"useKanbanState should return Kanban state","duration":4.8501240000005055,"failureMessages":[],"meta":{}},{"ancestorTitles":["useViewStore","Selector Hooks"],"fullName":"useViewStore Selector Hooks useIsGanttRowExpanded should check row expansion","status":"passed","title":"useIsGanttRowExpanded should check row expansion","duration":12.6753690000005,"failureMessages":[],"meta":{}},{"ancestorTitles":["useViewStore","Selector Hooks"],"fullName":"useViewStore Selector Hooks useIsGanttRowExpanded should return true when all expanded","status":"passed","title":"useIsGanttRowExpanded should return true when all expanded","duration":4.830637999999453,"failureMessages":[],"meta":{}},{"ancestorTitles":["useViewStore","Selector Hooks"],"fullName":"useViewStore Selector Hooks useKanbanGroupBy should return groupBy value","status":"passed","title":"useKanbanGroupBy should return groupBy value","duration":2.957857000000331,"failureMessages":[],"meta":{}},{"ancestorTitles":["useViewStore","Selector Hooks"],"fullName":"useViewStore Selector Hooks useCustomStages should return custom stages","status":"passed","title":"useCustomStages should return custom stages","duration":3.090588000000025,"failureMessages":[],"meta":{}},{"ancestorTitles":["useViewStore","State Isolation"],"fullName":"useViewStore State Isolation changing Gantt state should not affect Kanban state","status":"passed","title":"changing Gantt state should not affect Kanban state","duration":3.5292359999994005,"failureMessages":[],"meta":{}},{"ancestorTitles":["useViewStore","State Isolation"],"fullName":"useViewStore State Isolation changing Kanban state should not affect Gantt state","status":"passed","title":"changing Kanban state should not affect Gantt state","duration":3.2141950000004726,"failureMessages":[],"meta":{}}],"startTime":1766765012562,"endTime":1766765012795.214,"status":"passed","message":"","name":"/Users/enjoyjavapan163.com/Code/ALT/Prototype/CDM-17/CDM-17-ALL/apps/web/__tests__/features/views/useViewStore.test.ts"},{"assertionResults":[{"ancestorTitles":["PBSForm","Basic Fields (Existing)"],"fullName":"PBSForm Basic Fields (Existing) renders existing fields (code, version, ownerId) correctly","status":"passed","title":"renders existing fields (code, version, ownerId) correctly","duration":151.0261070000006,"failureMessages":[],"meta":{}},{"ancestorTitles":["PBSForm","Basic Fields (Existing)"],"fullName":"PBSForm Basic Fields (Existing) calls onUpdate when code field changes","status":"passed","title":"calls onUpdate when code field changes","duration":115.65036499999951,"failureMessages":[],"meta":{}},{"ancestorTitles":["PBSForm","Indicator Management (Story 2.7)"],"fullName":"PBSForm Indicator Management (Story 2.7) displays empty indicator list by default","status":"passed","title":"displays empty indicator list by default","duration":126.7540939999999,"failureMessages":[],"meta":{}},{"ancestorTitles":["PBSForm","Indicator Management (Story 2.7)"],"fullName":"PBSForm Indicator Management (Story 2.7) adds a new indicator row when clicking Add Indicator","status":"passed","title":"adds a new indicator row when clicking Add Indicator","duration":139.92785100000037,"failureMessages":[],"meta":{}},{"ancestorTitles":["PBSForm","Indicator Management (Story 2.7)"],"fullName":"PBSForm Indicator Management (Story 2.7) adds indicator with preset values from dropdown","status":"passed","title":"adds indicator with preset values from dropdown","duration":103.93919000000005,"failureMessages":[],"meta":{}},{"ancestorTitles":["PBSForm","Indicator Management (Story 2.7)"],"fullName":"PBSForm Indicator Management (Story 2.7) updates indicator field and calls onUpdate","status":"passed","title":"updates indicator field and calls onUpdate","duration":65.74847599999976,"failureMessages":[],"meta":{}},{"ancestorTitles":["PBSForm","Indicator Management (Story 2.7)"],"fullName":"PBSForm Indicator Management (Story 2.7) deletes indicator when clicking delete button","status":"passed","title":"deletes indicator when clicking delete button","duration":76.1117690000001,"failureMessages":[],"meta":{}},{"ancestorTitles":["PBSForm","Product Library Link (Story 2.7)"],"fullName":"PBSForm Product Library Link (Story 2.7) displays Link Product button when no product is linked","status":"passed","title":"displays Link Product button when no product is linked","duration":34.9814980000001,"failureMessages":[],"meta":{}},{"ancestorTitles":["PBSForm","Product Library Link (Story 2.7)"],"fullName":"PBSForm Product Library Link (Story 2.7) opens product search dialog when clicking Link Product","status":"passed","title":"opens product search dialog when clicking Link Product","duration":93.12853399999949,"failureMessages":[],"meta":{}},{"ancestorTitles":["PBSForm","Product Library Link (Story 2.7)"],"fullName":"PBSForm Product Library Link (Story 2.7) links product when selecting from dialog","status":"passed","title":"links product when selecting from dialog","duration":129.23445600000014,"failureMessages":[],"meta":{}},{"ancestorTitles":["PBSForm","Product Library Link (Story 2.7)"],"fullName":"PBSForm Product Library Link (Story 2.7) displays linked product info when productRef exists","status":"passed","title":"displays linked product info when productRef exists","duration":47.941767000000254,"failureMessages":[],"meta":{}},{"ancestorTitles":["PBSForm","Product Library Link (Story 2.7)"],"fullName":"PBSForm Product Library Link (Story 2.7) unlinks product when clicking unlink button","status":"failed","title":"unlinks product when clicking unlink button","duration":73.33696599999894,"failureMessages":["AssertionError: expected null to be undefined\n    at /Users/enjoyjavapan163.com/Code/ALT/Prototype/CDM-17/CDM-17-ALL/apps/web/__tests__/components/PropertyPanel/PBSForm.test.tsx:231:41\n    at file:///Users/enjoyjavapan163.com/Code/ALT/Prototype/CDM-17/CDM-17-ALL/node_modules/.pnpm/@vitest+runner@3.2.4/node_modules/@vitest/runner/dist/chunk-hooks.js:155:11\n    at file:///Users/enjoyjavapan163.com/Code/ALT/Prototype/CDM-17/CDM-17-ALL/node_modules/.pnpm/@vitest+runner@3.2.4/node_modules/@vitest/runner/dist/chunk-hooks.js:752:26\n    at file:///Users/enjoyjavapan163.com/Code/ALT/Prototype/CDM-17/CDM-17-ALL/node_modules/.pnpm/@vitest+runner@3.2.4/node_modules/@vitest/runner/dist/chunk-hooks.js:1897:20\n    at new Promise (<anonymous>)\n    at runWithTimeout (file:///Users/enjoyjavapan163.com/Code/ALT/Prototype/CDM-17/CDM-17-ALL/node_modules/.pnpm/@vitest+runner@3.2.4/node_modules/@vitest/runner/dist/chunk-hooks.js:1863:10)\n    at runTest (file:///Users/enjoyjavapan163.com/Code/ALT/Prototype/CDM-17/CDM-17-ALL/node_modules/.pnpm/@vitest+runner@3.2.4/node_modules/@vitest/runner/dist/chunk-hooks.js:1574:12)\n    at processTicksAndRejections (node:internal/process/task_queues:103:5)\n    at runSuite (file:///Users/enjoyjavapan163.com/Code/ALT/Prototype/CDM-17/CDM-17-ALL/node_modules/.pnpm/@vitest+runner@3.2.4/node_modules/@vitest/runner/dist/chunk-hooks.js:1729:8)\n    at runSuite (file:///Users/enjoyjavapan163.com/Code/ALT/Prototype/CDM-17/CDM-17-ALL/node_modules/.pnpm/@vitest+runner@3.2.4/node_modules/@vitest/runner/dist/chunk-hooks.js:1729:8)"],"meta":{}},{"ancestorTitles":["PBSForm","Info Badge Display"],"fullName":"PBSForm Info Badge Display shows indicator count in info badge","status":"passed","title":"shows indicator count in info badge","duration":59.90288599999985,"failureMessages":[],"meta":{}}],"startTime":1766765013091,"endTime":1766765014313.9028,"status":"failed","message":"","name":"/Users/enjoyjavapan163.com/Code/ALT/Prototype/CDM-17/CDM-17-ALL/apps/web/__tests__/components/PropertyPanel/PBSForm.test.tsx"},{"assertionResults":[{"ancestorTitles":["TaskForm - Knowledge Association (Story 2.8)","AC2.1: Action Entry"],"fullName":"TaskForm - Knowledge Association (Story 2.8) AC2.1: Action Entry renders \"Associate Knowledge\" section with add button","status":"failed","title":"renders \"Associate Knowledge\" section with add button","duration":148.5499209999998,"failureMessages":["Error: useCurrentUser must be used within a UserProvider\n    at useCurrentUser (/Users/enjoyjavapan163.com/Code/ALT/Prototype/CDM-17/CDM-17-ALL/apps/web/contexts/UserContext.tsx:93:15)\n    at useCurrentUserId (/Users/enjoyjavapan163.com/Code/ALT/Prototype/CDM-17/CDM-17-ALL/apps/web/contexts/UserContext.tsx:103:29)\n    at TaskDispatchSection (/Users/enjoyjavapan163.com/Code/ALT/Prototype/CDM-17/CDM-17-ALL/apps/web/components/PropertyPanel/TaskDispatchSection.tsx:48:27)\n    at Object.react_stack_bottom_frame (/Users/enjoyjavapan163.com/Code/ALT/Prototype/CDM-17/CDM-17-ALL/node_modules/.pnpm/react-dom@19.2.3_react@19.2.3/node_modules/react-dom/cjs/react-dom-client.development.js:25904:20)\n    at renderWithHooks (/Users/enjoyjavapan163.com/Code/ALT/Prototype/CDM-17/CDM-17-ALL/node_modules/.pnpm/react-dom@19.2.3_react@19.2.3/node_modules/react-dom/cjs/react-dom-client.development.js:7662:22)\n    at updateFunctionComponent (/Users/enjoyjavapan163.com/Code/ALT/Prototype/CDM-17/CDM-17-ALL/node_modules/.pnpm/react-dom@19.2.3_react@19.2.3/node_modules/react-dom/cjs/react-dom-client.development.js:10166:19)\n    at beginWork (/Users/enjoyjavapan163.com/Code/ALT/Prototype/CDM-17/CDM-17-ALL/node_modules/.pnpm/react-dom@19.2.3_react@19.2.3/node_modules/react-dom/cjs/react-dom-client.development.js:11778:18)\n    at runWithFiberInDEV (/Users/enjoyjavapan163.com/Code/ALT/Prototype/CDM-17/CDM-17-ALL/node_modules/.pnpm/react-dom@19.2.3_react@19.2.3/node_modules/react-dom/cjs/react-dom-client.development.js:874:13)\n    at performUnitOfWork (/Users/enjoyjavapan163.com/Code/ALT/Prototype/CDM-17/CDM-17-ALL/node_modules/.pnpm/react-dom@19.2.3_react@19.2.3/node_modules/react-dom/cjs/react-dom-client.development.js:17641:22)\n    at workLoopSync (/Users/enjoyjavapan163.com/Code/ALT/Prototype/CDM-17/CDM-17-ALL/node_modules/.pnpm/react-dom@19.2.3_react@19.2.3/node_modules/react-dom/cjs/react-dom-client.development.js:17469:41)"],"meta":{}},{"ancestorTitles":["TaskForm - Knowledge Association (Story 2.8)","AC2.2: Search Dialog"],"fullName":"TaskForm - Knowledge Association (Story 2.8) AC2.2: Search Dialog opens KnowledgeSearchDialog when clicking add button","status":"failed","title":"opens KnowledgeSearchDialog when clicking add button","duration":42.18955900000037,"failureMessages":["Error: useCurrentUser must be used within a UserProvider\n    at useCurrentUser (/Users/enjoyjavapan163.com/Code/ALT/Prototype/CDM-17/CDM-17-ALL/apps/web/contexts/UserContext.tsx:93:15)\n    at useCurrentUserId (/Users/enjoyjavapan163.com/Code/ALT/Prototype/CDM-17/CDM-17-ALL/apps/web/contexts/UserContext.tsx:103:29)\n    at TaskDispatchSection (/Users/enjoyjavapan163.com/Code/ALT/Prototype/CDM-17/CDM-17-ALL/apps/web/components/PropertyPanel/TaskDispatchSection.tsx:48:27)\n    at Object.react_stack_bottom_frame (/Users/enjoyjavapan163.com/Code/ALT/Prototype/CDM-17/CDM-17-ALL/node_modules/.pnpm/react-dom@19.2.3_react@19.2.3/node_modules/react-dom/cjs/react-dom-client.development.js:25904:20)\n    at renderWithHooks (/Users/enjoyjavapan163.com/Code/ALT/Prototype/CDM-17/CDM-17-ALL/node_modules/.pnpm/react-dom@19.2.3_react@19.2.3/node_modules/react-dom/cjs/react-dom-client.development.js:7662:22)\n    at updateFunctionComponent (/Users/enjoyjavapan163.com/Code/ALT/Prototype/CDM-17/CDM-17-ALL/node_modules/.pnpm/react-dom@19.2.3_react@19.2.3/node_modules/react-dom/cjs/react-dom-client.development.js:10166:19)\n    at beginWork (/Users/enjoyjavapan163.com/Code/ALT/Prototype/CDM-17/CDM-17-ALL/node_modules/.pnpm/react-dom@19.2.3_react@19.2.3/node_modules/react-dom/cjs/react-dom-client.development.js:11778:18)\n    at runWithFiberInDEV (/Users/enjoyjavapan163.com/Code/ALT/Prototype/CDM-17/CDM-17-ALL/node_modules/.pnpm/react-dom@19.2.3_react@19.2.3/node_modules/react-dom/cjs/react-dom-client.development.js:874:13)\n    at performUnitOfWork (/Users/enjoyjavapan163.com/Code/ALT/Prototype/CDM-17/CDM-17-ALL/node_modules/.pnpm/react-dom@19.2.3_react@19.2.3/node_modules/react-dom/cjs/react-dom-client.development.js:17641:22)\n    at workLoopSync (/Users/enjoyjavapan163.com/Code/ALT/Prototype/CDM-17/CDM-17-ALL/node_modules/.pnpm/react-dom@19.2.3_react@19.2.3/node_modules/react-dom/cjs/react-dom-client.development.js:17469:41)"],"meta":{}},{"ancestorTitles":["TaskForm - Knowledge Association (Story 2.8)","AC2.3: Selection"],"fullName":"TaskForm - Knowledge Association (Story 2.8) AC2.3: Selection adds selected knowledge to knowledgeRefs list","status":"failed","title":"adds selected knowledge to knowledgeRefs list","duration":49.28000299999985,"failureMessages":["Error: useCurrentUser must be used within a UserProvider\n    at useCurrentUser (/Users/enjoyjavapan163.com/Code/ALT/Prototype/CDM-17/CDM-17-ALL/apps/web/contexts/UserContext.tsx:93:15)\n    at useCurrentUserId (/Users/enjoyjavapan163.com/Code/ALT/Prototype/CDM-17/CDM-17-ALL/apps/web/contexts/UserContext.tsx:103:29)\n    at TaskDispatchSection (/Users/enjoyjavapan163.com/Code/ALT/Prototype/CDM-17/CDM-17-ALL/apps/web/components/PropertyPanel/TaskDispatchSection.tsx:48:27)\n    at Object.react_stack_bottom_frame (/Users/enjoyjavapan163.com/Code/ALT/Prototype/CDM-17/CDM-17-ALL/node_modules/.pnpm/react-dom@19.2.3_react@19.2.3/node_modules/react-dom/cjs/react-dom-client.development.js:25904:20)\n    at renderWithHooks (/Users/enjoyjavapan163.com/Code/ALT/Prototype/CDM-17/CDM-17-ALL/node_modules/.pnpm/react-dom@19.2.3_react@19.2.3/node_modules/react-dom/cjs/react-dom-client.development.js:7662:22)\n    at updateFunctionComponent (/Users/enjoyjavapan163.com/Code/ALT/Prototype/CDM-17/CDM-17-ALL/node_modules/.pnpm/react-dom@19.2.3_react@19.2.3/node_modules/react-dom/cjs/react-dom-client.development.js:10166:19)\n    at beginWork (/Users/enjoyjavapan163.com/Code/ALT/Prototype/CDM-17/CDM-17-ALL/node_modules/.pnpm/react-dom@19.2.3_react@19.2.3/node_modules/react-dom/cjs/react-dom-client.development.js:11778:18)\n    at runWithFiberInDEV (/Users/enjoyjavapan163.com/Code/ALT/Prototype/CDM-17/CDM-17-ALL/node_modules/.pnpm/react-dom@19.2.3_react@19.2.3/node_modules/react-dom/cjs/react-dom-client.development.js:874:13)\n    at performUnitOfWork (/Users/enjoyjavapan163.com/Code/ALT/Prototype/CDM-17/CDM-17-ALL/node_modules/.pnpm/react-dom@19.2.3_react@19.2.3/node_modules/react-dom/cjs/react-dom-client.development.js:17641:22)\n    at workLoopSync (/Users/enjoyjavapan163.com/Code/ALT/Prototype/CDM-17/CDM-17-ALL/node_modules/.pnpm/react-dom@19.2.3_react@19.2.3/node_modules/react-dom/cjs/react-dom-client.development.js:17469:41)"],"meta":{}},{"ancestorTitles":["TaskForm - Knowledge Association (Story 2.8)","AC2.4: List Display"],"fullName":"TaskForm - Knowledge Association (Story 2.8) AC2.4: List Display renders knowledgeRefs list with title and remove button","status":"failed","title":"renders knowledgeRefs list with title and remove button","duration":44.565802000000076,"failureMessages":["Error: useCurrentUser must be used within a UserProvider\n    at useCurrentUser (/Users/enjoyjavapan163.com/Code/ALT/Prototype/CDM-17/CDM-17-ALL/apps/web/contexts/UserContext.tsx:93:15)\n    at useCurrentUserId (/Users/enjoyjavapan163.com/Code/ALT/Prototype/CDM-17/CDM-17-ALL/apps/web/contexts/UserContext.tsx:103:29)\n    at TaskDispatchSection (/Users/enjoyjavapan163.com/Code/ALT/Prototype/CDM-17/CDM-17-ALL/apps/web/components/PropertyPanel/TaskDispatchSection.tsx:48:27)\n    at Object.react_stack_bottom_frame (/Users/enjoyjavapan163.com/Code/ALT/Prototype/CDM-17/CDM-17-ALL/node_modules/.pnpm/react-dom@19.2.3_react@19.2.3/node_modules/react-dom/cjs/react-dom-client.development.js:25904:20)\n    at renderWithHooks (/Users/enjoyjavapan163.com/Code/ALT/Prototype/CDM-17/CDM-17-ALL/node_modules/.pnpm/react-dom@19.2.3_react@19.2.3/node_modules/react-dom/cjs/react-dom-client.development.js:7662:22)\n    at updateFunctionComponent (/Users/enjoyjavapan163.com/Code/ALT/Prototype/CDM-17/CDM-17-ALL/node_modules/.pnpm/react-dom@19.2.3_react@19.2.3/node_modules/react-dom/cjs/react-dom-client.development.js:10166:19)\n    at beginWork (/Users/enjoyjavapan163.com/Code/ALT/Prototype/CDM-17/CDM-17-ALL/node_modules/.pnpm/react-dom@19.2.3_react@19.2.3/node_modules/react-dom/cjs/react-dom-client.development.js:11778:18)\n    at runWithFiberInDEV (/Users/enjoyjavapan163.com/Code/ALT/Prototype/CDM-17/CDM-17-ALL/node_modules/.pnpm/react-dom@19.2.3_react@19.2.3/node_modules/react-dom/cjs/react-dom-client.development.js:874:13)\n    at performUnitOfWork (/Users/enjoyjavapan163.com/Code/ALT/Prototype/CDM-17/CDM-17-ALL/node_modules/.pnpm/react-dom@19.2.3_react@19.2.3/node_modules/react-dom/cjs/react-dom-client.development.js:17641:22)\n    at workLoopSync (/Users/enjoyjavapan163.com/Code/ALT/Prototype/CDM-17/CDM-17-ALL/node_modules/.pnpm/react-dom@19.2.3_react@19.2.3/node_modules/react-dom/cjs/react-dom-client.development.js:17469:41)"],"meta":{}},{"ancestorTitles":["TaskForm - Knowledge Association (Story 2.8)","AC2.4: List Display"],"fullName":"TaskForm - Knowledge Association (Story 2.8) AC2.4: List Display removes knowledge reference when clicking remove button","status":"failed","title":"removes knowledge reference when clicking remove button","duration":40.576733999999306,"failureMessages":["Error: useCurrentUser must be used within a UserProvider\n    at useCurrentUser (/Users/enjoyjavapan163.com/Code/ALT/Prototype/CDM-17/CDM-17-ALL/apps/web/contexts/UserContext.tsx:93:15)\n    at useCurrentUserId (/Users/enjoyjavapan163.com/Code/ALT/Prototype/CDM-17/CDM-17-ALL/apps/web/contexts/UserContext.tsx:103:29)\n    at TaskDispatchSection (/Users/enjoyjavapan163.com/Code/ALT/Prototype/CDM-17/CDM-17-ALL/apps/web/components/PropertyPanel/TaskDispatchSection.tsx:48:27)\n    at Object.react_stack_bottom_frame (/Users/enjoyjavapan163.com/Code/ALT/Prototype/CDM-17/CDM-17-ALL/node_modules/.pnpm/react-dom@19.2.3_react@19.2.3/node_modules/react-dom/cjs/react-dom-client.development.js:25904:20)\n    at renderWithHooks (/Users/enjoyjavapan163.com/Code/ALT/Prototype/CDM-17/CDM-17-ALL/node_modules/.pnpm/react-dom@19.2.3_react@19.2.3/node_modules/react-dom/cjs/react-dom-client.development.js:7662:22)\n    at updateFunctionComponent (/Users/enjoyjavapan163.com/Code/ALT/Prototype/CDM-17/CDM-17-ALL/node_modules/.pnpm/react-dom@19.2.3_react@19.2.3/node_modules/react-dom/cjs/react-dom-client.development.js:10166:19)\n    at beginWork (/Users/enjoyjavapan163.com/Code/ALT/Prototype/CDM-17/CDM-17-ALL/node_modules/.pnpm/react-dom@19.2.3_react@19.2.3/node_modules/react-dom/cjs/react-dom-client.development.js:11778:18)\n    at runWithFiberInDEV (/Users/enjoyjavapan163.com/Code/ALT/Prototype/CDM-17/CDM-17-ALL/node_modules/.pnpm/react-dom@19.2.3_react@19.2.3/node_modules/react-dom/cjs/react-dom-client.development.js:874:13)\n    at performUnitOfWork (/Users/enjoyjavapan163.com/Code/ALT/Prototype/CDM-17/CDM-17-ALL/node_modules/.pnpm/react-dom@19.2.3_react@19.2.3/node_modules/react-dom/cjs/react-dom-client.development.js:17641:22)\n    at workLoopSync (/Users/enjoyjavapan163.com/Code/ALT/Prototype/CDM-17/CDM-17-ALL/node_modules/.pnpm/react-dom@19.2.3_react@19.2.3/node_modules/react-dom/cjs/react-dom-client.development.js:17469:41)"],"meta":{}},{"ancestorTitles":["TaskForm - Knowledge Association (Story 2.8)","AC2.4: List Display"],"fullName":"TaskForm - Knowledge Association (Story 2.8) AC2.4: List Display shows empty state when no knowledge refs","status":"failed","title":"shows empty state when no knowledge refs","duration":42.023621999999705,"failureMessages":["Error: useCurrentUser must be used within a UserProvider\n    at useCurrentUser (/Users/enjoyjavapan163.com/Code/ALT/Prototype/CDM-17/CDM-17-ALL/apps/web/contexts/UserContext.tsx:93:15)\n    at useCurrentUserId (/Users/enjoyjavapan163.com/Code/ALT/Prototype/CDM-17/CDM-17-ALL/apps/web/contexts/UserContext.tsx:103:29)\n    at TaskDispatchSection (/Users/enjoyjavapan163.com/Code/ALT/Prototype/CDM-17/CDM-17-ALL/apps/web/components/PropertyPanel/TaskDispatchSection.tsx:48:27)\n    at Object.react_stack_bottom_frame (/Users/enjoyjavapan163.com/Code/ALT/Prototype/CDM-17/CDM-17-ALL/node_modules/.pnpm/react-dom@19.2.3_react@19.2.3/node_modules/react-dom/cjs/react-dom-client.development.js:25904:20)\n    at renderWithHooks (/Users/enjoyjavapan163.com/Code/ALT/Prototype/CDM-17/CDM-17-ALL/node_modules/.pnpm/react-dom@19.2.3_react@19.2.3/node_modules/react-dom/cjs/react-dom-client.development.js:7662:22)\n    at updateFunctionComponent (/Users/enjoyjavapan163.com/Code/ALT/Prototype/CDM-17/CDM-17-ALL/node_modules/.pnpm/react-dom@19.2.3_react@19.2.3/node_modules/react-dom/cjs/react-dom-client.development.js:10166:19)\n    at beginWork (/Users/enjoyjavapan163.com/Code/ALT/Prototype/CDM-17/CDM-17-ALL/node_modules/.pnpm/react-dom@19.2.3_react@19.2.3/node_modules/react-dom/cjs/react-dom-client.development.js:11778:18)\n    at runWithFiberInDEV (/Users/enjoyjavapan163.com/Code/ALT/Prototype/CDM-17/CDM-17-ALL/node_modules/.pnpm/react-dom@19.2.3_react@19.2.3/node_modules/react-dom/cjs/react-dom-client.development.js:874:13)\n    at performUnitOfWork (/Users/enjoyjavapan163.com/Code/ALT/Prototype/CDM-17/CDM-17-ALL/node_modules/.pnpm/react-dom@19.2.3_react@19.2.3/node_modules/react-dom/cjs/react-dom-client.development.js:17641:22)\n    at workLoopSync (/Users/enjoyjavapan163.com/Code/ALT/Prototype/CDM-17/CDM-17-ALL/node_modules/.pnpm/react-dom@19.2.3_react@19.2.3/node_modules/react-dom/cjs/react-dom-client.development.js:17469:41)"],"meta":{}},{"ancestorTitles":["TaskForm - Knowledge Association (Story 2.8)","Icon rendering based on type"],"fullName":"TaskForm - Knowledge Association (Story 2.8) Icon rendering based on type renders correct icons for different knowledge types","status":"failed","title":"renders correct icons for different knowledge types","duration":63.870904999999766,"failureMessages":["Error: useCurrentUser must be used within a UserProvider\n    at useCurrentUser (/Users/enjoyjavapan163.com/Code/ALT/Prototype/CDM-17/CDM-17-ALL/apps/web/contexts/UserContext.tsx:93:15)\n    at useCurrentUserId (/Users/enjoyjavapan163.com/Code/ALT/Prototype/CDM-17/CDM-17-ALL/apps/web/contexts/UserContext.tsx:103:29)\n    at TaskDispatchSection (/Users/enjoyjavapan163.com/Code/ALT/Prototype/CDM-17/CDM-17-ALL/apps/web/components/PropertyPanel/TaskDispatchSection.tsx:48:27)\n    at Object.react_stack_bottom_frame (/Users/enjoyjavapan163.com/Code/ALT/Prototype/CDM-17/CDM-17-ALL/node_modules/.pnpm/react-dom@19.2.3_react@19.2.3/node_modules/react-dom/cjs/react-dom-client.development.js:25904:20)\n    at renderWithHooks (/Users/enjoyjavapan163.com/Code/ALT/Prototype/CDM-17/CDM-17-ALL/node_modules/.pnpm/react-dom@19.2.3_react@19.2.3/node_modules/react-dom/cjs/react-dom-client.development.js:7662:22)\n    at updateFunctionComponent (/Users/enjoyjavapan163.com/Code/ALT/Prototype/CDM-17/CDM-17-ALL/node_modules/.pnpm/react-dom@19.2.3_react@19.2.3/node_modules/react-dom/cjs/react-dom-client.development.js:10166:19)\n    at beginWork (/Users/enjoyjavapan163.com/Code/ALT/Prototype/CDM-17/CDM-17-ALL/node_modules/.pnpm/react-dom@19.2.3_react@19.2.3/node_modules/react-dom/cjs/react-dom-client.development.js:11778:18)\n    at runWithFiberInDEV (/Users/enjoyjavapan163.com/Code/ALT/Prototype/CDM-17/CDM-17-ALL/node_modules/.pnpm/react-dom@19.2.3_react@19.2.3/node_modules/react-dom/cjs/react-dom-client.development.js:874:13)\n    at performUnitOfWork (/Users/enjoyjavapan163.com/Code/ALT/Prototype/CDM-17/CDM-17-ALL/node_modules/.pnpm/react-dom@19.2.3_react@19.2.3/node_modules/react-dom/cjs/react-dom-client.development.js:17641:22)\n    at workLoopSync (/Users/enjoyjavapan163.com/Code/ALT/Prototype/CDM-17/CDM-17-ALL/node_modules/.pnpm/react-dom@19.2.3_react@19.2.3/node_modules/react-dom/cjs/react-dom-client.development.js:17469:41)"],"meta":{}}],"startTime":1766765013601,"endTime":1766765014033.8708,"status":"failed","message":"","name":"/Users/enjoyjavapan163.com/Code/ALT/Prototype/CDM-17/CDM-17-ALL/apps/web/__tests__/components/PropertyPanel/TaskForm.knowledge.test.tsx"},{"assertionResults":[{"ancestorTitles":["buildLibraryDefaults"],"fullName":"buildLibraryDefaults hydrates default inputs/outputs with generated ids and cleared values","status":"passed","title":"hydrates default inputs/outputs with generated ids and cleared values","duration":9.91248799999994,"failureMessages":[],"meta":{}}],"startTime":1766765012724,"endTime":1766765012733.9126,"status":"passed","message":"","name":"/Users/enjoyjavapan163.com/Code/ALT/Prototype/CDM-17/CDM-17-ALL/apps/web/components/App/__tests__/app-utils.test.ts"}]}